<?xml version="1.0" encoding="utf-8"?><testsuites><testsuite name="pytest" errors="0" failures="0" skipped="0" tests="5" time="2.746" timestamp="2024-12-29T11:54:19.370221+00:00" hostname="teo-VirtualBox"><testcase classname="src.app.test.test_api" name="test_api_process" time="0.097" /><testcase classname="src.app.test.test_api" name="test_api_monitor" time="0.934" /><testcase classname="src.app.test.test_views" name="test_home" time="0.021" /><testcase classname="src.app.test.test_views" name="test_info" time="1.516" /><testcase classname="src.app.test.test_views" name="test_page_content" time="0.018" /></testsuite></testsuites>